
Showing logs for build [32mablazleon-environment-myinfra-s-c2bnt-1[0m stage [32mfrom-build-pack[0m and container [32mcredential-initializer[0m
{"level":"info","ts":1596646664.71234,"caller":"creds-init/main.go:44","msg":"Credentials initialized."}

Showing logs for build [32mablazleon-environment-myinfra-s-c2bnt-1[0m stage [32mfrom-build-pack[0m and container [32mworking-dir-initializer[0m

Showing logs for build [32mablazleon-environment-myinfra-s-c2bnt-1[0m stage [32mfrom-build-pack[0m and container [32mplace-tools[0m

Showing logs for build [32mablazleon-environment-myinfra-s-c2bnt-1[0m stage [32mfrom-build-pack[0m and container [32mstep-git-source-ablazleon-environment-myinfra-s-c2bnt-b2hpk[0m
{"level":"info","ts":1596646671.7605977,"caller":"git/git.go:105","msg":"Successfully cloned https://github.com/*********/environment-myinfra-staging.git @ master in path /workspace/source"}
{"level":"warn","ts":1596646671.760705,"caller":"git/git.go:152","msg":"Unexpected error: creating symlink: symlink /tekton/home/.ssh /root/.ssh: file exists"}
{"level":"info","ts":1596646671.7992935,"caller":"git/git.go:133","msg":"Successfully initialized and updated submodules in path /workspace/source"}

Showing logs for build [32mablazleon-environment-myinfra-s-c2bnt-1[0m stage [32mfrom-build-pack[0m and container [32mstep-setup-builder-home[0m

Showing logs for build [32mablazleon-environment-myinfra-s-c2bnt-1[0m stage [32mfrom-build-pack[0m and container [32mstep-git-merge[0m
Using SHAs from PULL_REFS=master:2e3c966e599d41e912e28dd052e927307360e008,4:a5d1460c18df4dca0e23c5505dc8325d67c54fee
DEBUG: LC_ALL=C JX_LOG_LEVEL=error git fetch origin --unshallow a5d1460c18df4dca0e23c5505dc8325d67c54fee: 2e3c966e599d41e912e28dd052e927307360e008:
DEBUG: ran git fetch --unshallow origin a5d1460c18df4dca0e23c5505dc8325d67c54fee: 2e3c966e599d41e912e28dd052e927307360e008: in 
DEBUG: LC_ALL=C JX_LOG_LEVEL=error git branch
DEBUG: LC_ALL=C JX_LOG_LEVEL=error git checkout master
DEBUG: ran git checkout master in 
DEBUG: LC_ALL=C JX_LOG_LEVEL=error git reset --hard 2e3c966e599d41e912e28dd052e927307360e008
DEBUG: ran git reset --hard 2e3c966e599d41e912e28dd052e927307360e008 in 
DEBUG: LC_ALL=C JX_LOG_LEVEL=error git clean -fd .
DEBUG: ran clean --force -d . in 
DEBUG: LC_ALL=C JX_LOG_LEVEL=error git merge a5d1460c18df4dca0e23c5505dc8325d67c54fee
DEBUG: ran git merge a5d1460c18df4dca0e23c5505dc8325d67c54fee in 
DEBUG: LC_ALL=C JX_LOG_LEVEL=error git log --format=%H%x1f%an%x1f%ae%x1f%cn%x1f%ce%x1f%s%n%b%x1e 2e3c966e599d41e912e28dd052e927307360e008..HEAD
Merged SHA a5d1460c18df4dca0e23c5505dc8325d67c54fee with commit message 'chore: Promote ml-api-docker-k8 to version 0.0.1' into base branch master

Showing logs for build [32mablazleon-environment-myinfra-s-c2bnt-1[0m stage [32mfrom-build-pack[0m and container [32mstep-build-helm-build[0m
WARNING: No $CHART_REPOSITORY defined so using the default value of: http://jenkins-x-chartmuseum:8080
Adding missing Helm repo: storage.googleapis.com https://storage.googleapis.com/chartmuseum.jenkins-x.io
Successfully added Helm repository storage.googleapis.com.
Adding missing Helm repo: jenkins-x-chartmuseum http://jenkins-x-chartmuseum:8080
Successfully added Helm repository jenkins-x-chartmuseum.
WARNING: No $CHART_REPOSITORY defined so using the default value of: http://jenkins-x-chartmuseum:8080
Adding missing Helm repo: chartmuseum.jenkins-x.io http://chartmuseum.jenkins-x.io
Successfully added Helm repository chartmuseum.jenkins-x.io.
