
Showing logs for build [32mablazleon-environment-myinfra-s-4n76n-1[0m stage [32mfrom-build-pack[0m and container [32mcredential-initializer[0m
{"level":"info","ts":1596627660.7590792,"caller":"creds-init/main.go:44","msg":"Credentials initialized."}

Showing logs for build [32mablazleon-environment-myinfra-s-4n76n-1[0m stage [32mfrom-build-pack[0m and container [32mworking-dir-initializer[0m

Showing logs for build [32mablazleon-environment-myinfra-s-4n76n-1[0m stage [32mfrom-build-pack[0m and container [32mplace-tools[0m

Showing logs for build [32mablazleon-environment-myinfra-s-4n76n-1[0m stage [32mfrom-build-pack[0m and container [32mstep-git-source-ablazleon-environment-myinfra-s-4n76n-vdhlp[0m
{"level":"info","ts":1596627665.4958298,"caller":"git/git.go:105","msg":"Successfully cloned https://github.com/*********/environment-myinfra-staging.git @ master in path /workspace/source"}
{"level":"warn","ts":1596627665.4960258,"caller":"git/git.go:152","msg":"Unexpected error: creating symlink: symlink /tekton/home/.ssh /root/.ssh: file exists"}
{"level":"info","ts":1596627665.5364063,"caller":"git/git.go:133","msg":"Successfully initialized and updated submodules in path /workspace/source"}

Showing logs for build [32mablazleon-environment-myinfra-s-4n76n-1[0m stage [32mfrom-build-pack[0m and container [32mstep-setup-builder-home[0m

Showing logs for build [32mablazleon-environment-myinfra-s-4n76n-1[0m stage [32mfrom-build-pack[0m and container [32mstep-git-merge[0m
Using SHAs from PULL_REFS=master:dc96e041bcc59ab7d8d08f495bd816c0c13b327f,1:65d17ad0b89f44d5724455091ff5bcc7e1e599fd
DEBUG: LC_ALL=C JX_LOG_LEVEL=error git fetch origin --unshallow 65d17ad0b89f44d5724455091ff5bcc7e1e599fd: dc96e041bcc59ab7d8d08f495bd816c0c13b327f:
DEBUG: ran git fetch --unshallow origin 65d17ad0b89f44d5724455091ff5bcc7e1e599fd: dc96e041bcc59ab7d8d08f495bd816c0c13b327f: in 
DEBUG: LC_ALL=C JX_LOG_LEVEL=error git branch
DEBUG: LC_ALL=C JX_LOG_LEVEL=error git checkout master
DEBUG: ran git checkout master in 
DEBUG: LC_ALL=C JX_LOG_LEVEL=error git reset --hard dc96e041bcc59ab7d8d08f495bd816c0c13b327f
DEBUG: ran git reset --hard dc96e041bcc59ab7d8d08f495bd816c0c13b327f in 
DEBUG: LC_ALL=C JX_LOG_LEVEL=error git clean -fd .
DEBUG: ran clean --force -d . in 
DEBUG: LC_ALL=C JX_LOG_LEVEL=error git merge 65d17ad0b89f44d5724455091ff5bcc7e1e599fd
DEBUG: ran git merge 65d17ad0b89f44d5724455091ff5bcc7e1e599fd in 
DEBUG: LC_ALL=C JX_LOG_LEVEL=error git log --format=%H%x1f%an%x1f%ae%x1f%cn%x1f%ce%x1f%s%n%b%x1e dc96e041bcc59ab7d8d08f495bd816c0c13b327f..HEAD
Merged SHA 65d17ad0b89f44d5724455091ff5bcc7e1e599fd with commit message 'chore: Promote myexample to version 0.0.1' into base branch master

Showing logs for build [32mablazleon-environment-myinfra-s-4n76n-1[0m stage [32mfrom-build-pack[0m and container [32mstep-build-helm-build[0m
WARNING: No $CHART_REPOSITORY defined so using the default value of: http://jenkins-x-chartmuseum:8080
Adding missing Helm repo: storage.googleapis.com https://storage.googleapis.com/chartmuseum.jenkins-x.io
Successfully added Helm repository storage.googleapis.com.
Adding missing Helm repo: jenkins-x-chartmuseum http://jenkins-x-chartmuseum:8080
Successfully added Helm repository jenkins-x-chartmuseum.
WARNING: No $CHART_REPOSITORY defined so using the default value of: http://jenkins-x-chartmuseum:8080
Adding missing Helm repo: chartmuseum.jenkins-x.io http://chartmuseum.jenkins-x.io
Successfully added Helm repository chartmuseum.jenkins-x.io.
